<?xml version="1.0" encoding="UTF-8"?>
<!-- Generated by org.testng.reporters.JUnitReportReporter -->
<testsuite hostname="MSI" failures="0" tests="2" name="TestNGDemo.ExecutionOfTestng" time="0.008" errors="0" timestamp="2022-02-14T13:34:00 IST" skipped="0">
  <testcase classname="TestNGDemo.ExecutionOfTestng" name="test" time="0.005"/>
  <system-out/>
  <testcase classname="TestNGDemo.ExecutionOfTestng" name="test1" time="0.003"/>
  <system-out/>
</testsuite> <!-- TestNGDemo.ExecutionOfTestng -->
