<?xml version="1.0" encoding="UTF-8"?>
<!-- Generated by org.testng.reporters.JUnitReportReporter -->
<testsuite hostname="MSI" failures="0" tests="4" name="Test.LoginTest" time="82.659" errors="0" timestamp="2022-02-27T18:52:06 IST" skipped="0">
  <testcase classname="Test.LoginTest" name="verifyAddCandidate" time="38.339"/>
  <system-out/>
  <testcase classname="Test.LoginTest" name="verifyLoginSuccessful" time="11.533"/>
  <system-out/>
  <testcase classname="Test.LoginTest" name="verifyLoginSuccessful" time="4.648"/>
  <system-out/>
  <testcase classname="Test.LoginTest" name="verifyAddCandidate" time="28.139"/>
  <system-out/>
</testsuite> <!-- Test.LoginTest -->
